<?xml version="1.0" encoding="UTF-8" ?>
<testsuite tests="5" failures="0" name="com.fenghen.test.DBUtilsTest" time="1.319" errors="0" skipped="0">
  <properties>
    <property name="idea.version" value="2020.3.2"/>
    <property name="java.runtime.name" value="Java(TM) SE Runtime Environment"/>
    <property name="java.vm.version" value="13.0.2+8"/>
    <property name="sun.boot.library.path" value="E:\Java\bin"/>
    <property name="maven.multiModuleProjectDirectory" value="D:\education4"/>
    <property name="java.vm.vendor" value="Oracle Corporation"/>
    <property name="java.vendor.url" value="https://java.oracle.com/"/>
    <property name="guice.disable.misplaced.annotation.check" value="true"/>
    <property name="path.separator" value=";"/>
    <property name="java.vm.name" value="Java HotSpot(TM) 64-Bit Server VM"/>
    <property name="sun.os.patch.level" value=""/>
    <property name="user.script" value=""/>
    <property name="user.country" value="CN"/>
    <property name="sun.java.launcher" value="SUN_STANDARD"/>
    <property name="java.vm.specification.name" value="Java Virtual Machine Specification"/>
    <property name="user.dir" value="D:\education4"/>
    <property name="java.vm.compressedOopsMode" value="32-bit"/>
    <property name="java.runtime.version" value="13.0.2+8"/>
    <property name="os.arch" value="amd64"/>
    <property name="java.io.tmpdir" value="C:\Users\85876\AppData\Local\Temp\"/>
    <property name="line.separator" value="
"/>
    <property name="java.vm.specification.vendor" value="Oracle Corporation"/>
    <property name="user.variant" value=""/>
    <property name="os.name" value="Windows 10"/>
    <property name="maven.ext.class.path" value="E:\IntelliJ IDEA 2020.3.2\plugins\maven\lib\maven-event-listener.jar"/>
    <property name="classworlds.conf" value="E:\IntelliJ IDEA 2020.3.2\plugins\maven\lib\maven3\bin\m2.conf"/>
    <property name="sun.jnu.encoding" value="GBK"/>
    <property name="java.library.path" value="E:\Java\bin;C:\WINDOWS\Sun\Java\bin;C:\WINDOWS\system32;C:\WINDOWS;C:\Python39\Scripts\;C:\Python39\;C:\Program Files\Microsoft MPI\Bin\;C:\Program Files\MySQL\MySQL Server 8.0\bin;C:\Windows\system32;C:\Windows;C:\Windows\System32\Wbem;C:\Windows\System32\WindowsPowerShell\v1.0\;C:\Windows\System32\OpenSSH\;C:\Program Files (x86)\NVIDIA Corporation\PhysX\Common;C:\WINDOWS\system32;C:\WINDOWS;C:\WINDOWS\System32\Wbem;C:\WINDOWS\System32\WindowsPowerShell\v1.0\;C:\WINDOWS\System32\OpenSSH\;C:\Program Files\Intel\WiFi\bin\;C:\Program Files\Common Files\Intel\WirelessCommon\;C:\Program Files (x86)\Intel\Intel(R) Management Engine Components\DAL;C:\Program Files\Intel\Intel(R) Management Engine Components\DAL;C:\Program Files\dotnet\;C:\Python30;E:\Java\bin;C:\Program Files (x86)\Microsoft SQL Server\130\Tools\Binn\;C:\Program Files\Microsoft SQL Server\130\Tools\Binn\;C:\Program Files\Microsoft SQL Server\130\DTS\Binn\;C:\Program Files\Microsoft SQL Server\Client SDK\ODBC\130\Tools\Binn\;C:\ProgramData\chocolatey\bin;E:\MATLAB\runtime\win64;E:\MATLAB\bin;C:\Program Files (x86)\Microsoft SQL Server\150\DTS\Binn\;C:\Python30\Scripts;C:\Program Files\Git\cmd;E:\NodeJs\;E:\Redis\;C:\Program Files\MySQL\MySQL Shell 8.0\bin\;C:\Python27\Scripts;C:\Python27\;C:\Users\85876\AppData\Local\Microsoft\WindowsApps;E:\pycharm5.0.3\PyCharm Community Edition 2019.2.4\bin;C:\Users\85876\AppData\Local\GitHubDesktop\bin;E:\pycharm\PyCharm Community Edition 2019.3.1\bin;;E:\nmap\nmap-7.80-eye\Nmap;C:\Users\85876\.dotnet\tools;C:\Users\85876\AppData\Roaming\npm;E:\IntelliJ IDEA Community Edition 2020.3.1\bin;;E:\IntelliJ IDEA 2020.3.2\bin;;."/>
    <property name="maven.conf" value="E:\IntelliJ IDEA 2020.3.2\plugins\maven\lib\maven3/conf"/>
    <property name="jdk.debug" value="release"/>
    <property name="java.class.version" value="57.0"/>
    <property name="java.specification.name" value="Java Platform API Specification"/>
    <property name="sun.management.compiler" value="HotSpot 64-Bit Tiered Compilers"/>
    <property name="os.version" value="10.0"/>
    <property name="user.home" value="C:\Users\85876"/>
    <property name="user.timezone" value="Asia/Shanghai"/>
    <property name="file.encoding" value="UTF-8"/>
    <property name="java.specification.version" value="13"/>
    <property name="user.name" value="85876"/>
    <property name="java.class.path" value="E:\IntelliJ IDEA 2020.3.2\plugins\maven\lib\maven3\boot\plexus-classworlds-2.6.0.jar;E:\IntelliJ IDEA 2020.3.2\plugins\maven\lib\maven3\boot\plexus-classworlds.license"/>
    <property name="java.vm.specification.version" value="13"/>
    <property name="sun.arch.data.model" value="64"/>
    <property name="sun.java.command" value="org.codehaus.classworlds.Launcher -Didea.version=2020.3.2 install"/>
    <property name="java.home" value="E:\Java"/>
    <property name="user.language" value="zh"/>
    <property name="java.specification.vendor" value="Oracle Corporation"/>
    <property name="java.vm.info" value="mixed mode, sharing"/>
    <property name="java.version" value="13.0.2"/>
    <property name="java.vendor" value="Oracle Corporation"/>
    <property name="maven.home" value="E:\IntelliJ IDEA 2020.3.2\plugins\maven\lib\maven3"/>
    <property name="file.separator" value="\"/>
    <property name="java.version.date" value="2020-01-14"/>
    <property name="java.vendor.url.bug" value="https://bugreport.java.com/bugreport/"/>
    <property name="sun.io.unicode.encoding" value="UnicodeLittle"/>
    <property name="sun.cpu.endian" value="little"/>
    <property name="sun.cpu.isalist" value="amd64"/>
  </properties>
  <testcase classname="com.fenghen.test.DBUtilsTest" name="test1" time="1.241"/>
  <testcase classname="com.fenghen.test.DBUtilsTest" name="test2" time="0.059"/>
  <testcase classname="com.fenghen.test.DBUtilsTest" name="test3" time="0.002"/>
  <testcase classname="com.fenghen.test.DBUtilsTest" name="test4" time="0.015"/>
  <testcase classname="com.fenghen.test.DBUtilsTest" name="test5" time="0.002"/>
</testsuite>